3.14299693 3.13190145 3.12450447 0.13957000
37.34245782 37.34152102 37.34174559 0.13957000
261.08221925 261.08208526 261.08216233 0.13957000
196.31889219 196.31871399 196.31883156 0.13957000
12.94105476 12.93835201 12.93877419 0.13957000
10.33128076 10.32789561 10.33024804 0.13957000
0.78507740 0.74278582 0.71038513 0.13957000
1.22307355 1.19506866 1.24055322 0.13957000
7.00323146 6.99823935 6.99543589 0.13957000
49.00012982 48.99941589 49.00057767 0.13957000
36.84778863 36.84683926 36.84682642 0.13957000
2.42818057 2.41384942 2.43596558 0.13957000
1.98820308 1.97074630 1.96014379 0.13957000
4.37529572 4.36731310 4.36215440 0.13957000
6.23504888 6.22944265 6.23841018 0.13957000
1.50962596 1.48676979 1.50585063 0.13957000
1.22158073 1.19354309 1.23906224 0.13957000
0.41161457 0.34167005 0.32898313 0.13957000
1.43221552 1.40816129 1.43668037 0.13957000
53.19948375 53.19882618 53.19876539 0.13957000
76.28066482 76.28020621 76.28027253 0.13957000
0.82799103 0.78767400 0.76554040 0.13957000
3.00919058 2.99760506 2.99332436 0.13957000
9.81810347 9.81454150 9.81783309 0.13957000
371.96415732 371.96406327 371.96421641 0.13957000
533.33883314 533.33876754 533.33873421 0.13957000
2.24523896 2.22975409 2.24086123 0.13957000
7.35211480 7.34735931 7.35289435 0.13957000
279.69785503 279.69772996 279.69766372 0.13957000
401.04295803 401.04287080 401.04297674 0.13957000
0.41644024 0.34699745 0.33306939 0.13957000
18.44130876 18.43941194 18.43932907 0.13957000
26.44262096 26.44129804 26.44339726 0.13957000
14.74633447 14.74396249 14.74483251 0.13957000
21.14361168 21.14195725 21.14362410 0.13957000
0.42468390 0.35609122 0.34007989 0.13957000
1.10815685 1.07739263 1.11958027 0.13957000
1.02037146 0.98711823 1.01672925 0.13957000
42.78362540 42.78280774 42.78409949 0.13957000
76.72737712 76.72692119 76.72762945 0.13957000
110.84242981 110.84211420 110.84236671 0.13957000
1.22234014 1.19431917 1.23982094 0.13957000
52.32692968 52.32626114 52.32609721 0.13957000
93.84646609 93.84609332 93.84609343 0.13957000
135.57752397 135.57726594 135.57761748 0.13957000
5.98429480 5.97845406 5.98170347 0.13957000
10.73784224 10.73458519 10.73255810 0.13957000
15.51493394 15.51267943 15.51233196 0.13957000
0.41403750 0.34434525 0.33103321 0.13957000
0.82154727 0.78094475 0.75713519 0.13957000
0.42406766 0.35541175 0.33955450 0.13957000
36.50952617 36.50856800 36.51006618 0.13957000
18.86414353 18.86228922 18.86530194 0.13957000
2.35636951 2.34160647 2.36096621 0.13957000
0.84639188 0.80686983 0.78973038 0.13957000
1.25442282 1.22708888 1.27146667 0.13957000
0.27579580 0.22132185 0.21799991 0.13957000
176.22869420 176.22849569 176.22860865 0.13957000
59.97278876 59.97220545 59.97238188 0.13957000
78.71096316 78.71051872 78.71039993 0.13957000
91.05448060 91.05409640 91.05385833 0.13957000
30.98761397 30.98648507 30.98632798 0.13957000
40.66762526 40.66676505 40.66654845 0.13957000
1.12128691 1.09086432 1.13412017 0.13957000
1.12211329 1.09171195 1.13502840 0.13957000
0.65250583 0.60283626 0.55576737 0.13957000
9.65141436 9.65001995 9.64953415 0.49368000
17.92133381 17.92065414 17.92114766 0.54785000
0.58252807 0.54383605 0.50661862 0.54785000
11.47301591 11.47195151 11.47532773 0.54785000
